<?xml version="1.0" encoding="UTF-8"?>
<!-- Generated by org.testng.reporters.JUnitReportReporter -->
<testsuite hostname="DESKTOP-F1LFKGN" failures="0" tests="1" name="TestCases.TestHere" time="21.576" errors="0" timestamp="2024-01-02T13:36:24 IST" skipped="0">
  <testcase classname="TestCases.TestHere" name="TestCall" time="21.576"/>
</testsuite> <!-- TestCases.TestHere -->
